
    Date : Mon Oct 23 202316:11:12 
    Label: Success!
    Lavel: info 
    Message : Database connection established
    

    Date : Mon Oct 23 202316:11:12 
    Label: Success!
    Lavel: info 
    Message : Example app listening on port : 5000
    

    Date : Mon Oct 23 202316:13:56 
    Label: Success!
    Lavel: info 
    Message : Database connection established
    

    Date : Mon Oct 23 202316:13:56 
    Label: Success!
    Lavel: info 
    Message : Example app listening on port : 5000
    

    Date : Mon Oct 23 202316:14:6 
    Label: Success!
    Lavel: info 
    Message : Database connection established
    

    Date : Mon Oct 23 202316:14:6 
    Label: Success!
    Lavel: info 
    Message : Example app listening on port : 5000
    

    Date : Mon Oct 23 202316:20:24 
    Label: Success!
    Lavel: info 
    Message : Database connection established
    

    Date : Mon Oct 23 202316:20:24 
    Label: Success!
    Lavel: info 
    Message : Example app listening on port : 5000
    
