
    Date : Mon Oct 23 202317:18:47 
    Label: Success!
    Lavel: info 
    Message : Database connection established
    

    Date : Mon Oct 23 202317:18:47 
    Label: Success!
    Lavel: info 
    Message : Example app listening on port : 5000
    

    Date : Mon Oct 23 202317:19:32 
    Label: Success!
    Lavel: info 
    Message : Database connection established
    

    Date : Mon Oct 23 202317:19:32 
    Label: Success!
    Lavel: info 
    Message : Example app listening on port : 5000
    

    Date : Mon Oct 23 202317:26:44 
    Label: Success!
    Lavel: info 
    Message : Database connection established
    

    Date : Mon Oct 23 202317:26:44 
    Label: Success!
    Lavel: info 
    Message : Example app listening on port : 5000
    

    Date : Mon Oct 23 202317:27:2 
    Label: Success!
    Lavel: info 
    Message : Database connection established
    

    Date : Mon Oct 23 202317:27:2 
    Label: Success!
    Lavel: info 
    Message : Example app listening on port : 5000
    

    Date : Mon Oct 23 202317:29:20 
    Label: Success!
    Lavel: info 
    Message : Database connection established
    

    Date : Mon Oct 23 202317:29:20 
    Label: Success!
    Lavel: info 
    Message : Example app listening on port : 5000
    

    Date : Mon Oct 23 202317:29:56 
    Label: Success!
    Lavel: info 
    Message : Database connection established
    

    Date : Mon Oct 23 202317:29:56 
    Label: Success!
    Lavel: info 
    Message : Example app listening on port : 5000
    

    Date : Mon Oct 23 202317:30:0 
    Label: Success!
    Lavel: info 
    Message : Database connection established
    

    Date : Mon Oct 23 202317:30:0 
    Label: Success!
    Lavel: info 
    Message : Example app listening on port : 5000
    

    Date : Mon Oct 23 202317:31:42 
    Label: Success!
    Lavel: info 
    Message : Database connection established
    

    Date : Mon Oct 23 202317:31:42 
    Label: Success!
    Lavel: info 
    Message : Example app listening on port : 5000
    

    Date : Mon Oct 23 202317:32:24 
    Label: Success!
    Lavel: info 
    Message : Database connection established
    

    Date : Mon Oct 23 202317:32:24 
    Label: Success!
    Lavel: info 
    Message : Example app listening on port : 5000
    

    Date : Mon Oct 23 202317:32:35 
    Label: Success!
    Lavel: info 
    Message : Database connection established
    

    Date : Mon Oct 23 202317:32:35 
    Label: Success!
    Lavel: info 
    Message : Example app listening on port : 5000
    

    Date : Mon Oct 23 202317:32:58 
    Label: Success!
    Lavel: info 
    Message : Database connection established
    

    Date : Mon Oct 23 202317:32:58 
    Label: Success!
    Lavel: info 
    Message : Example app listening on port : 5000
    

    Date : Mon Oct 23 202317:33:0 
    Label: Success!
    Lavel: info 
    Message : Database connection established
    

    Date : Mon Oct 23 202317:33:0 
    Label: Success!
    Lavel: info 
    Message : Example app listening on port : 5000
    

    Date : Mon Oct 23 202317:54:12 
    Label: Success!
    Lavel: info 
    Message : Database connection established
    

    Date : Mon Oct 23 202317:54:12 
    Label: Success!
    Lavel: info 
    Message : Example app listening on port : 5000
    

    Date : Mon Oct 23 202317:54:32 
    Label: Success!
    Lavel: info 
    Message : Database connection established
    

    Date : Mon Oct 23 202317:54:32 
    Label: Success!
    Lavel: info 
    Message : Example app listening on port : 5000
    

    Date : Mon Oct 23 202317:54:39 
    Label: Success!
    Lavel: info 
    Message : Database connection established
    

    Date : Mon Oct 23 202317:54:39 
    Label: Success!
    Lavel: info 
    Message : Example app listening on port : 5000
    

    Date : Mon Oct 23 202317:55:5 
    Label: Success!
    Lavel: info 
    Message : Database connection established
    

    Date : Mon Oct 23 202317:55:5 
    Label: Success!
    Lavel: info 
    Message : Example app listening on port : 5000
    

    Date : Mon Oct 23 202317:55:18 
    Label: Success!
    Lavel: info 
    Message : Database connection established
    

    Date : Mon Oct 23 202317:55:18 
    Label: Success!
    Lavel: info 
    Message : Example app listening on port : 5000
    

    Date : Mon Oct 23 202317:55:23 
    Label: Success!
    Lavel: info 
    Message : Database connection established
    

    Date : Mon Oct 23 202317:55:23 
    Label: Success!
    Lavel: info 
    Message : Example app listening on port : 5000
    

    Date : Mon Oct 23 202317:56:12 
    Label: Success!
    Lavel: info 
    Message : Database connection established
    

    Date : Mon Oct 23 202317:56:12 
    Label: Success!
    Lavel: info 
    Message : Example app listening on port : 5000
    

    Date : Mon Oct 23 202317:57:3 
    Label: Success!
    Lavel: info 
    Message : Database connection established
    

    Date : Mon Oct 23 202317:57:3 
    Label: Success!
    Lavel: info 
    Message : Example app listening on port : 5000
    

    Date : Mon Oct 23 202317:58:2 
    Label: Success!
    Lavel: info 
    Message : Database connection established
    

    Date : Mon Oct 23 202317:58:2 
    Label: Success!
    Lavel: info 
    Message : Example app listening on port : 5000
    

    Date : Mon Oct 23 202317:59:7 
    Label: Success!
    Lavel: info 
    Message : Database connection established
    

    Date : Mon Oct 23 202317:59:7 
    Label: Success!
    Lavel: info 
    Message : Example app listening on port : 5000
    

    Date : Mon Oct 23 202317:59:14 
    Label: Success!
    Lavel: info 
    Message : Database connection established
    

    Date : Mon Oct 23 202317:59:14 
    Label: Success!
    Lavel: info 
    Message : Example app listening on port : 5000
    

    Date : Mon Oct 23 202317:59:45 
    Label: Success!
    Lavel: info 
    Message : Database connection established
    

    Date : Mon Oct 23 202317:59:45 
    Label: Success!
    Lavel: info 
    Message : Example app listening on port : 5000
    
