
    Date : Sun Oct 22 20232:35:49 
    Label: Success!
    Lavel: info 
    Message : Database connection established
    

    Date : Sun Oct 22 20232:35:49 
    Label: Success!
    Lavel: info 
    Message : Example app listening on port : 5000
    

    Date : Sun Oct 22 20232:39:15 
    Label: Success!
    Lavel: info 
    Message : Database connection established
    

    Date : Sun Oct 22 20232:39:15 
    Label: Success!
    Lavel: info 
    Message : Example app listening on port : 5000
    

    Date : Sun Oct 22 20232:39:38 
    Label: Success!
    Lavel: info 
    Message : Database connection established
    

    Date : Sun Oct 22 20232:39:58 
    Label: Success!
    Lavel: info 
    Message : Database connection established
    

    Date : Sun Oct 22 20232:39:58 
    Label: Success!
    Lavel: info 
    Message : Example app listening on port : 5000
    

    Date : Sun Oct 22 20232:40:58 
    Label: Success!
    Lavel: info 
    Message : Database connection established
    

    Date : Sun Oct 22 20232:40:58 
    Label: Success!
    Lavel: info 
    Message : Example app listening on port : 5000
    

    Date : Sun Oct 22 20232:40:58 
    Label: Success!
    Lavel: error 
    Message : unhandledRejection -Error: Testing error logger
    

    Date : Sun Oct 22 20232:45:31 
    Label: Success!
    Lavel: info 
    Message : Database connection established
    

    Date : Sun Oct 22 20232:45:31 
    Label: Success!
    Lavel: info 
    Message : Example app listening on port : 5000
    

    Date : Sun Oct 22 20232:48:24 
    Label: Success!
    Lavel: info 
    Message : Database connection established
    

    Date : Sun Oct 22 20232:48:24 
    Label: Success!
    Lavel: info 
    Message : Example app listening on port : 5000
    
