
    Date : Mon Oct 23 202318:0:10 
    Label: Success!
    Lavel: info 
    Message : Database connection established
    

    Date : Mon Oct 23 202318:0:10 
    Label: Success!
    Lavel: info 
    Message : Example app listening on port : 5000
    

    Date : Mon Oct 23 202318:0:53 
    Label: Success!
    Lavel: error 
    Message : unhandledRejection -Error: Invalid Semester Code
    

    Date : Mon Oct 23 202318:1:25 
    Label: Success!
    Lavel: info 
    Message : Database connection established
    

    Date : Mon Oct 23 202318:1:25 
    Label: Success!
    Lavel: info 
    Message : Example app listening on port : 5000
    

    Date : Mon Oct 23 202318:1:34 
    Label: Success!
    Lavel: error 
    Message : unhandledRejection -Error: Invalid Semester Code
    

    Date : Mon Oct 23 202318:2:20 
    Label: Success!
    Lavel: info 
    Message : Database connection established
    

    Date : Mon Oct 23 202318:2:20 
    Label: Success!
    Lavel: info 
    Message : Example app listening on port : 5000
    

    Date : Mon Oct 23 202318:3:34 
    Label: Success!
    Lavel: info 
    Message : Database connection established
    

    Date : Mon Oct 23 202318:3:34 
    Label: Success!
    Lavel: info 
    Message : Example app listening on port : 5000
    

    Date : Mon Oct 23 202318:3:55 
    Label: Success!
    Lavel: error 
    Message : unhandledRejection -Error: Invalid Semester Code
    

    Date : Mon Oct 23 202318:4:7 
    Label: Success!
    Lavel: info 
    Message : Database connection established
    

    Date : Mon Oct 23 202318:4:7 
    Label: Success!
    Lavel: info 
    Message : Example app listening on port : 5000
    

    Date : Mon Oct 23 202318:4:13 
    Label: Success!
    Lavel: error 
    Message : unhandledRejection -Error: Academic Semester is alrady exits in this year
    

    Date : Mon Oct 23 202318:5:4 
    Label: Success!
    Lavel: info 
    Message : Database connection established
    

    Date : Mon Oct 23 202318:5:4 
    Label: Success!
    Lavel: info 
    Message : Example app listening on port : 5000
    

    Date : Mon Oct 23 202318:5:7 
    Label: Success!
    Lavel: error 
    Message : unhandledRejection -Error: Academic Semester is alrady exits in this year
    

    Date : Mon Oct 23 202318:5:15 
    Label: Success!
    Lavel: info 
    Message : Database connection established
    

    Date : Mon Oct 23 202318:5:15 
    Label: Success!
    Lavel: info 
    Message : Example app listening on port : 5000
    

    Date : Mon Oct 23 202318:5:38 
    Label: Success!
    Lavel: info 
    Message : Database connection established
    

    Date : Mon Oct 23 202318:5:38 
    Label: Success!
    Lavel: info 
    Message : Example app listening on port : 5000
    

    Date : Mon Oct 23 202318:6:27 
    Label: Success!
    Lavel: error 
    Message : unhandledRejection -Error: Invalid Semester Code
    

    Date : Mon Oct 23 202318:7:41 
    Label: Success!
    Lavel: info 
    Message : Database connection established
    

    Date : Mon Oct 23 202318:7:41 
    Label: Success!
    Lavel: info 
    Message : Example app listening on port : 5000
    

    Date : Mon Oct 23 202318:7:51 
    Label: Success!
    Lavel: error 
    Message : unhandledRejection -Error: Academic Semester is alrady exits in this year
    

    Date : Mon Oct 23 202318:8:10 
    Label: Success!
    Lavel: info 
    Message : Database connection established
    

    Date : Mon Oct 23 202318:8:10 
    Label: Success!
    Lavel: info 
    Message : Example app listening on port : 5000
    

    Date : Mon Oct 23 202318:8:15 
    Label: Success!
    Lavel: error 
    Message : unhandledRejection -Error: Academic Semester is alrady exits in this year
    

    Date : Mon Oct 23 202318:8:24 
    Label: Success!
    Lavel: info 
    Message : Database connection established
    

    Date : Mon Oct 23 202318:8:24 
    Label: Success!
    Lavel: info 
    Message : Example app listening on port : 5000
    

    Date : Mon Oct 23 202318:10:8 
    Label: Success!
    Lavel: error 
    Message : unhandledRejection -Error: Invalid Semester Code
    

    Date : Mon Oct 23 202318:13:30 
    Label: Success!
    Lavel: info 
    Message : Database connection established
    

    Date : Mon Oct 23 202318:13:30 
    Label: Success!
    Lavel: info 
    Message : Example app listening on port : 5000
    

    Date : Mon Oct 23 202318:14:4 
    Label: Success!
    Lavel: error 
    Message : unhandledRejection -Error: Invalid Semester Code
    

    Date : Mon Oct 23 202318:14:46 
    Label: Success!
    Lavel: info 
    Message : Database connection established
    

    Date : Mon Oct 23 202318:14:46 
    Label: Success!
    Lavel: info 
    Message : Example app listening on port : 5000
    

    Date : Mon Oct 23 202318:14:49 
    Label: Success!
    Lavel: error 
    Message : unhandledRejection -Error: Invalid Semester Code
    

    Date : Mon Oct 23 202318:14:56 
    Label: Success!
    Lavel: info 
    Message : Database connection established
    

    Date : Mon Oct 23 202318:14:56 
    Label: Success!
    Lavel: info 
    Message : Example app listening on port : 5000
    

    Date : Mon Oct 23 202318:15:2 
    Label: Success!
    Lavel: error 
    Message : unhandledRejection -Error: Invalid Semester Code
    

    Date : Mon Oct 23 202318:15:34 
    Label: Success!
    Lavel: info 
    Message : Database connection established
    

    Date : Mon Oct 23 202318:15:34 
    Label: Success!
    Lavel: info 
    Message : Example app listening on port : 5000
    

    Date : Mon Oct 23 202318:15:36 
    Label: Success!
    Lavel: error 
    Message : unhandledRejection -Error: Invalid Semester Code
    

    Date : Mon Oct 23 202318:15:41 
    Label: Success!
    Lavel: info 
    Message : Database connection established
    

    Date : Mon Oct 23 202318:15:41 
    Label: Success!
    Lavel: info 
    Message : Example app listening on port : 5000
    

    Date : Mon Oct 23 202318:15:43 
    Label: Success!
    Lavel: error 
    Message : unhandledRejection -Error: Invalid Semester Code
    

    Date : Mon Oct 23 202318:17:34 
    Label: Success!
    Lavel: info 
    Message : Database connection established
    

    Date : Mon Oct 23 202318:17:34 
    Label: Success!
    Lavel: info 
    Message : Example app listening on port : 5000
    

    Date : Mon Oct 23 202318:17:39 
    Label: Success!
    Lavel: info 
    Message : Database connection established
    

    Date : Mon Oct 23 202318:17:39 
    Label: Success!
    Lavel: info 
    Message : Example app listening on port : 5000
    

    Date : Mon Oct 23 202318:17:41 
    Label: Success!
    Lavel: info 
    Message : Database connection established
    

    Date : Mon Oct 23 202318:17:41 
    Label: Success!
    Lavel: info 
    Message : Example app listening on port : 5000
    

    Date : Mon Oct 23 202318:17:46 
    Label: Success!
    Lavel: error 
    Message : unhandledRejection -Error: Invalid Semester Code
    

    Date : Mon Oct 23 202318:17:57 
    Label: Success!
    Lavel: info 
    Message : Database connection established
    

    Date : Mon Oct 23 202318:17:57 
    Label: Success!
    Lavel: info 
    Message : Example app listening on port : 5000
    

    Date : Mon Oct 23 202318:18:23 
    Label: Success!
    Lavel: error 
    Message : unhandledRejection -Error: Academic Semester is alrady exits in this year
    

    Date : Mon Oct 23 202318:18:57 
    Label: Success!
    Lavel: info 
    Message : Database connection established
    

    Date : Mon Oct 23 202318:18:57 
    Label: Success!
    Lavel: info 
    Message : Example app listening on port : 5000
    

    Date : Mon Oct 23 202318:19:0 
    Label: Success!
    Lavel: error 
    Message : unhandledRejection -Error: Academic Semester is alrady exits in this year
    

    Date : Mon Oct 23 202318:19:14 
    Label: Success!
    Lavel: info 
    Message : Database connection established
    

    Date : Mon Oct 23 202318:19:14 
    Label: Success!
    Lavel: info 
    Message : Example app listening on port : 5000
    

    Date : Mon Oct 23 202318:19:19 
    Label: Success!
    Lavel: error 
    Message : unhandledRejection -Error: Academic Semester is alrady exits in this year
    

    Date : Mon Oct 23 202318:19:30 
    Label: Success!
    Lavel: info 
    Message : Database connection established
    

    Date : Mon Oct 23 202318:19:30 
    Label: Success!
    Lavel: info 
    Message : Example app listening on port : 5000
    

    Date : Mon Oct 23 202318:19:34 
    Label: Success!
    Lavel: error 
    Message : unhandledRejection -Error: Academic Semester is alrady exits in this year
    

    Date : Mon Oct 23 202318:19:53 
    Label: Success!
    Lavel: info 
    Message : Database connection established
    

    Date : Mon Oct 23 202318:19:53 
    Label: Success!
    Lavel: info 
    Message : Example app listening on port : 5000
    

    Date : Mon Oct 23 202318:19:58 
    Label: Success!
    Lavel: error 
    Message : unhandledRejection -Error: Academic Semester is alrady exits in this year
    

    Date : Mon Oct 23 202318:20:14 
    Label: Success!
    Lavel: info 
    Message : Database connection established
    

    Date : Mon Oct 23 202318:20:14 
    Label: Success!
    Lavel: info 
    Message : Example app listening on port : 5000
    

    Date : Mon Oct 23 202318:20:31 
    Label: Success!
    Lavel: info 
    Message : Database connection established
    

    Date : Mon Oct 23 202318:20:31 
    Label: Success!
    Lavel: info 
    Message : Example app listening on port : 5000
    

    Date : Mon Oct 23 202318:21:31 
    Label: Success!
    Lavel: info 
    Message : Database connection established
    

    Date : Mon Oct 23 202318:21:31 
    Label: Success!
    Lavel: info 
    Message : Example app listening on port : 5000
    

    Date : Mon Oct 23 202318:21:36 
    Label: Success!
    Lavel: error 
    Message : unhandledRejection -Error: Invalid Semester Code
    

    Date : Mon Oct 23 202318:21:46 
    Label: Success!
    Lavel: info 
    Message : Database connection established
    

    Date : Mon Oct 23 202318:21:46 
    Label: Success!
    Lavel: info 
    Message : Example app listening on port : 5000
    

    Date : Mon Oct 23 202318:22:15 
    Label: Success!
    Lavel: info 
    Message : Database connection established
    

    Date : Mon Oct 23 202318:22:15 
    Label: Success!
    Lavel: info 
    Message : Example app listening on port : 5000
    

    Date : Mon Oct 23 202318:22:33 
    Label: Success!
    Lavel: info 
    Message : Database connection established
    

    Date : Mon Oct 23 202318:22:33 
    Label: Success!
    Lavel: info 
    Message : Example app listening on port : 5000
    

    Date : Mon Oct 23 202318:22:37 
    Label: Success!
    Lavel: error 
    Message : unhandledRejection -Error: Invalid Semester Code
    

    Date : Mon Oct 23 202318:23:5 
    Label: Success!
    Lavel: info 
    Message : Database connection established
    

    Date : Mon Oct 23 202318:23:5 
    Label: Success!
    Lavel: info 
    Message : Example app listening on port : 5000
    

    Date : Mon Oct 23 202318:23:11 
    Label: Success!
    Lavel: error 
    Message : unhandledRejection -Error: Invalid Semester Code
    

    Date : Mon Oct 23 202318:26:31 
    Label: Success!
    Lavel: info 
    Message : Database connection established
    

    Date : Mon Oct 23 202318:26:31 
    Label: Success!
    Lavel: info 
    Message : Example app listening on port : 5000
    

    Date : Mon Oct 23 202318:29:3 
    Label: Success!
    Lavel: error 
    Message : unhandledRejection -Error: Invalid Semester Code
    

    Date : Mon Oct 23 202318:32:6 
    Label: Success!
    Lavel: info 
    Message : Database connection established
    

    Date : Mon Oct 23 202318:32:6 
    Label: Success!
    Lavel: info 
    Message : Example app listening on port : 5000
    

    Date : Mon Oct 23 202318:32:22 
    Label: Success!
    Lavel: error 
    Message : unhandledRejection -Error: Testing error logger
    

    Date : Mon Oct 23 202318:33:45 
    Label: Success!
    Lavel: info 
    Message : Database connection established
    

    Date : Mon Oct 23 202318:33:45 
    Label: Success!
    Lavel: info 
    Message : Example app listening on port : 5000
    

    Date : Mon Oct 23 202318:35:15 
    Label: Success!
    Lavel: info 
    Message : Database connection established
    

    Date : Mon Oct 23 202318:35:15 
    Label: Success!
    Lavel: info 
    Message : Example app listening on port : 5000
    

    Date : Mon Oct 23 202318:37:15 
    Label: Success!
    Lavel: info 
    Message : Database connection established
    

    Date : Mon Oct 23 202318:37:15 
    Label: Success!
    Lavel: info 
    Message : Example app listening on port : 5000
    

    Date : Mon Oct 23 202318:37:26 
    Label: Success!
    Lavel: info 
    Message : Database connection established
    

    Date : Mon Oct 23 202318:37:26 
    Label: Success!
    Lavel: info 
    Message : Example app listening on port : 5000
    

    Date : Mon Oct 23 202318:37:57 
    Label: Success!
    Lavel: error 
    Message : unhandledRejection -Error: Invalid Semester Code
    

    Date : Mon Oct 23 202318:38:44 
    Label: Success!
    Lavel: info 
    Message : Database connection established
    

    Date : Mon Oct 23 202318:38:44 
    Label: Success!
    Lavel: info 
    Message : Example app listening on port : 5000
    

    Date : Mon Oct 23 202318:38:47 
    Label: Success!
    Lavel: error 
    Message : unhandledRejection -Error: Invalid Semester Code
    

    Date : Mon Oct 23 202318:39:3 
    Label: Success!
    Lavel: info 
    Message : Database connection established
    

    Date : Mon Oct 23 202318:39:3 
    Label: Success!
    Lavel: info 
    Message : Example app listening on port : 5000
    

    Date : Mon Oct 23 202318:39:11 
    Label: Success!
    Lavel: info 
    Message : Database connection established
    

    Date : Mon Oct 23 202318:39:11 
    Label: Success!
    Lavel: info 
    Message : Example app listening on port : 5000
    

    Date : Mon Oct 23 202318:39:17 
    Label: Success!
    Lavel: error 
    Message : unhandledRejection -Error: Invalid Semester Code
    

    Date : Mon Oct 23 202318:43:19 
    Label: Success!
    Lavel: info 
    Message : Database connection established
    

    Date : Mon Oct 23 202318:43:19 
    Label: Success!
    Lavel: info 
    Message : Example app listening on port : 5000
    

    Date : Mon Oct 23 202318:44:18 
    Label: Success!
    Lavel: info 
    Message : Database connection established
    

    Date : Mon Oct 23 202318:44:18 
    Label: Success!
    Lavel: info 
    Message : Example app listening on port : 5000
    

    Date : Mon Oct 23 202318:44:21 
    Label: Success!
    Lavel: error 
    Message : unhandledRejection -Error: Invalid Semester Code
    

    Date : Mon Oct 23 202318:44:35 
    Label: Success!
    Lavel: info 
    Message : Database connection established
    

    Date : Mon Oct 23 202318:44:35 
    Label: Success!
    Lavel: info 
    Message : Example app listening on port : 5000
    

    Date : Mon Oct 23 202318:44:39 
    Label: Success!
    Lavel: error 
    Message : unhandledRejection -Error: Invalid Semester Code
    

    Date : Mon Oct 23 202318:44:54 
    Label: Success!
    Lavel: info 
    Message : Database connection established
    

    Date : Mon Oct 23 202318:44:54 
    Label: Success!
    Lavel: info 
    Message : Example app listening on port : 5000
    

    Date : Mon Oct 23 202318:48:30 
    Label: Success!
    Lavel: info 
    Message : Database connection established
    

    Date : Mon Oct 23 202318:48:30 
    Label: Success!
    Lavel: info 
    Message : Example app listening on port : 5000
    

    Date : Mon Oct 23 202318:48:42 
    Label: Success!
    Lavel: error 
    Message : unhandledRejection -Error: Invalid Semester Code
    

    Date : Mon Oct 23 202318:50:46 
    Label: Success!
    Lavel: info 
    Message : Database connection established
    

    Date : Mon Oct 23 202318:50:46 
    Label: Success!
    Lavel: info 
    Message : Example app listening on port : 5000
    

    Date : Mon Oct 23 202318:50:48 
    Label: Success!
    Lavel: info 
    Message : Database connection established
    

    Date : Mon Oct 23 202318:50:48 
    Label: Success!
    Lavel: info 
    Message : Example app listening on port : 5000
    

    Date : Mon Oct 23 202318:50:52 
    Label: Success!
    Lavel: error 
    Message : unhandledRejection -Error [ERR_HTTP_HEADERS_SENT]: Cannot set headers after they are sent to the client
    

    Date : Mon Oct 23 202318:51:50 
    Label: Success!
    Lavel: info 
    Message : Database connection established
    

    Date : Mon Oct 23 202318:51:50 
    Label: Success!
    Lavel: info 
    Message : Example app listening on port : 5000
    

    Date : Mon Oct 23 202318:52:25 
    Label: Success!
    Lavel: info 
    Message : Database connection established
    

    Date : Mon Oct 23 202318:52:25 
    Label: Success!
    Lavel: info 
    Message : Example app listening on port : 5000
    

    Date : Mon Oct 23 202318:52:32 
    Label: Success!
    Lavel: error 
    Message : unhandledRejection -ValidationError: role: Path `role` is required.
    

    Date : Mon Oct 23 202318:55:3 
    Label: Success!
    Lavel: info 
    Message : Database connection established
    

    Date : Mon Oct 23 202318:55:3 
    Label: Success!
    Lavel: info 
    Message : Example app listening on port : 5000
    

    Date : Mon Oct 23 202318:55:13 
    Label: Success!
    Lavel: info 
    Message : Database connection established
    

    Date : Mon Oct 23 202318:55:13 
    Label: Success!
    Lavel: info 
    Message : Example app listening on port : 5000
    

    Date : Mon Oct 23 202318:55:43 
    Label: Success!
    Lavel: info 
    Message : Database connection established
    

    Date : Mon Oct 23 202318:55:43 
    Label: Success!
    Lavel: info 
    Message : Example app listening on port : 5000
    

    Date : Mon Oct 23 202318:55:47 
    Label: Success!
    Lavel: info 
    Message : Database connection established
    

    Date : Mon Oct 23 202318:55:47 
    Label: Success!
    Lavel: info 
    Message : Example app listening on port : 5000
    

    Date : Mon Oct 23 202318:55:49 
    Label: Success!
    Lavel: error 
    Message : unhandledRejection -ValidationError: role: Path `role` is required.
    

    Date : Mon Oct 23 202318:56:6 
    Label: Success!
    Lavel: info 
    Message : Database connection established
    

    Date : Mon Oct 23 202318:56:6 
    Label: Success!
    Lavel: info 
    Message : Example app listening on port : 5000
    

    Date : Mon Oct 23 202318:56:8 
    Label: Success!
    Lavel: error 
    Message : unhandledRejection -ValidationError: role: Path `role` is required.
    

    Date : Mon Oct 23 202318:57:33 
    Label: Success!
    Lavel: info 
    Message : Database connection established
    

    Date : Mon Oct 23 202318:57:33 
    Label: Success!
    Lavel: info 
    Message : Example app listening on port : 5000
    
