
    Date : Mon Oct 23 202319:0:40 
    Label: Success!
    Lavel: info 
    Message : Database connection established
    

    Date : Mon Oct 23 202319:0:40 
    Label: Success!
    Lavel: info 
    Message : Example app listening on port : 5000
    

    Date : Mon Oct 23 202319:0:57 
    Label: Success!
    Lavel: info 
    Message : Database connection established
    

    Date : Mon Oct 23 202319:0:57 
    Label: Success!
    Lavel: info 
    Message : Example app listening on port : 5000
    

    Date : Mon Oct 23 202319:1:9 
    Label: Success!
    Lavel: info 
    Message : Database connection established
    

    Date : Mon Oct 23 202319:1:9 
    Label: Success!
    Lavel: info 
    Message : Example app listening on port : 5000
    

    Date : Mon Oct 23 202319:1:20 
    Label: Success!
    Lavel: info 
    Message : Database connection established
    

    Date : Mon Oct 23 202319:1:20 
    Label: Success!
    Lavel: info 
    Message : Example app listening on port : 5000
    

    Date : Mon Oct 23 202319:2:15 
    Label: Success!
    Lavel: info 
    Message : Database connection established
    

    Date : Mon Oct 23 202319:2:15 
    Label: Success!
    Lavel: info 
    Message : Example app listening on port : 5000
    

    Date : Mon Oct 23 202319:2:25 
    Label: Success!
    Lavel: info 
    Message : Database connection established
    

    Date : Mon Oct 23 202319:2:25 
    Label: Success!
    Lavel: info 
    Message : Example app listening on port : 5000
    

    Date : Mon Oct 23 202319:2:34 
    Label: Success!
    Lavel: info 
    Message : Database connection established
    

    Date : Mon Oct 23 202319:2:34 
    Label: Success!
    Lavel: info 
    Message : Example app listening on port : 5000
    

    Date : Mon Oct 23 202319:2:44 
    Label: Success!
    Lavel: info 
    Message : Database connection established
    

    Date : Mon Oct 23 202319:2:44 
    Label: Success!
    Lavel: info 
    Message : Example app listening on port : 5000
    

    Date : Mon Oct 23 202319:3:0 
    Label: Success!
    Lavel: info 
    Message : Database connection established
    

    Date : Mon Oct 23 202319:3:0 
    Label: Success!
    Lavel: info 
    Message : Example app listening on port : 5000
    
